{"level":"INFO","timestamp":"2021-06-22 17:22:50.757","file":"cmd/main.go:43","msg":"Start to listening the incoming requests on http address: :8080"}
{"level":"ERROR","timestamp":"2021-06-22 17:22:53.726","file":"service/user.go:28","msg":"RegisterService","data":{"error":"Error 1054: Unknown column 'CreatedTime' in 'field list'"}}
{"level":"INFO","timestamp":"2021-06-22 17:23:48.981","file":"cmd/main.go:43","msg":"Start to listening the incoming requests on http address: :8080"}
{"level":"ERROR","timestamp":"2021-06-22 17:23:53.390","file":"service/user.go:28","msg":"RegisterService","data":{"error":"Error 1054: Unknown column 'CreatedTime' in 'field list'"}}
{"level":"ERROR","timestamp":"2021-06-22 17:24:00.041","file":"service/user.go:28","msg":"RegisterService","data":{"error":"Error 1054: Unknown column 'CreatedTime' in 'field list'"}}
{"level":"INFO","timestamp":"2021-06-22 17:24:11.956","file":"cmd/main.go:43","msg":"Start to listening the incoming requests on http address: :8080"}
{"level":"ERROR","timestamp":"2021-06-22 17:24:17.235","file":"service/user.go:28","msg":"RegisterService","data":{"error":"Error 1054: Unknown column 'CreateTime' in 'field list'"}}
{"level":"INFO","timestamp":"2021-06-22 17:24:52.672","file":"cmd/main.go:43","msg":"Start to listening the incoming requests on http address: :8080"}
{"level":"ERROR","timestamp":"2021-06-22 17:24:56.386","file":"service/user.go:28","msg":"RegisterService","data":{"error":"Error 1054: Unknown column 'createTime' in 'field list'"}}
{"level":"INFO","timestamp":"2021-06-22 17:25:11.000","file":"cmd/main.go:43","msg":"Start to listening the incoming requests on http address: :8080"}
{"level":"ERROR","timestamp":"2021-06-22 17:25:16.054","file":"service/user.go:28","msg":"RegisterService","data":{"error":"Error 1054: Unknown column 'user_name' in 'field list'"}}
{"level":"INFO","timestamp":"2021-06-22 17:27:58.630","file":"cmd/main.go:43","msg":"Start to listening the incoming requests on http address: :8080"}
{"level":"INFO","timestamp":"2021-06-22 17:38:53.595","file":"cmd/main.go:43","msg":"Start to listening the incoming requests on http address: :8080"}
{"level":"INFO","timestamp":"2021-06-22 17:42:00.348","file":"cmd/main.go:43","msg":"Start to listening the incoming requests on http address: :8080"}
{"level":"INFO","timestamp":"2021-06-22 17:46:14.705","file":"cmd/main.go:43","msg":"Start to listening the incoming requests on http address: :8080"}
{"level":"INFO","timestamp":"2021-06-22 17:47:07.866","file":"cmd/main.go:43","msg":"Start to listening the incoming requests on http address: :8080"}
{"level":"INFO","timestamp":"2021-06-22 17:48:05.464","file":"cmd/main.go:43","msg":"Start to listening the incoming requests on http address: :8080"}
{"level":"INFO","timestamp":"2021-06-22 17:48:51.023","file":"cmd/main.go:43","msg":"Start to listening the incoming requests on http address: :8080"}
{"level":"INFO","timestamp":"2021-06-22 17:50:26.935","file":"cmd/main.go:43","msg":"Start to listening the incoming requests on http address: :8080"}
{"level":"INFO","timestamp":"2021-06-22 17:53:22.038","file":"cmd/main.go:43","msg":"Start to listening the incoming requests on http address: :8080"}
